[2023-10-19 22:21:57,304]224 werkzeug-WARNING - * Debugger is active!
[2023-10-19 22:21:57,311]224 werkzeug-INFO - * Debugger PIN: 172-645-412
[2023-10-19 22:21:57,884]224 werkzeug-INFO -127.0.0.1 - - [19/Oct/2023 22:21:57] "GET / HTTP/1.1" 200 -
[2023-10-19 22:22:03,820]28 root-INFO -Model is start at time 10.4302017
[2023-10-19 22:22:03,821]29 root-INFO -Data Ingestion is start from mongodb
[2023-10-19 22:22:03,821]64 root-INFO -Enter into the data ingestion method
[2023-10-19 22:22:03,821]50 root-INFO -Enter into the save dataset 
[2023-10-19 22:22:03,821]37 root-INFO -Enter into the dataset read
[2023-10-19 22:22:03,821]26 root-INFO -Enter into the collections
[2023-10-19 22:22:05,046]30 root-INFO -Collections name is Collection(Database(MongoClient(host=['ac-hcxtbjb-shard-00-00.r31hq0n.mongodb.net:27017', 'ac-hcxtbjb-shard-00-02.r31hq0n.mongodb.net:27017', 'ac-hcxtbjb-shard-00-01.r31hq0n.mongodb.net:27017'], document_class=dict, tz_aware=False, connect=True, retrywrites=True, w='majority', authsource='admin', replicaset='atlas-ukp69g-shard-0', ssl=True), 'Thyroid_Dataset'), 'Data') we are at exit point of collections
[2023-10-19 22:22:09,079]42 root-INFO -Exit from datasetread from MongoDB 
[2023-10-19 22:22:09,118]55 root-INFO -Successfuly save into the artifact folder into artifact\hypothyroid.csv
[2023-10-19 22:22:09,122]66 root-INFO -Exit from the data ingestion method of Data Ingestion 
[2023-10-19 22:22:09,122]31 root-INFO -Data is successfully saved into the artifact folder
[2023-10-19 22:22:09,123]32 root-INFO -Data Transformation is start 
[2023-10-19 22:22:09,123]124 root-INFO -Enter into the data transformation
[2023-10-19 22:22:09,123]107 root-INFO -Enter into the scale the data 
[2023-10-19 22:22:09,123]92 root-INFO -Enter into the train test split 
[2023-10-19 22:22:09,123]44 root-INFO -Cleaning process of data is start ...
[2023-10-19 22:22:09,123]33 root-INFO -Enter into read data of data transformation
[2023-10-19 22:22:09,167]35 root-INFO -Successfully read the data artifact\hypothyroid.csv
[2023-10-19 22:22:09,266]71 root-INFO -After some clean the data now start the fill the missing value
[2023-10-19 22:22:09,289]79 root-INFO -We get the clean data and save into artifact 
[2023-10-19 22:22:09,321]82 root-INFO -Save the clean the data
[2023-10-19 22:22:09,329]97 root-INFO -Exit from the train test split 
[2023-10-19 22:22:09,337]45 root-INFO -Enter into the save pickle file 
[2023-10-19 22:22:09,338]48 root-INFO -Save the object
[2023-10-19 22:22:09,338]113 root-INFO -Exit from the scale method and the save the scale into artifact
[2023-10-19 22:22:09,338]126 root-INFO -Successfully run the data transformation file
[2023-10-19 22:22:09,338]34 root-INFO -Data cleaning is successfully and saved into the artifact 
[2023-10-19 22:22:09,338]35 root-INFO -Model train is start
[2023-10-19 22:22:09,338]65 root-INFO -Enter into the model train
[2023-10-19 22:22:09,338]48 root-INFO -Enter into the fit of model
[2023-10-19 22:22:09,338]24 root-INFO -Model architecture is defined
[2023-10-19 22:22:10,428]34 root-INFO -Architecture has been successfully defined
[2023-10-19 22:22:10,436]24 root-INFO -Enter into the save model method
[2023-10-19 22:22:10,485]26 root-INFO -Model has been saved successfully
[2023-10-19 22:22:10,486]50 root-INFO -Safely load the model
[2023-10-19 22:22:10,486]34 root-INFO -Enter into the load model method of utils
[2023-10-19 22:22:10,567]36 root-INFO -Exit from the load model method of utils
[2023-10-19 22:22:32,258]24 root-INFO -Enter into the save model method
[2023-10-19 22:22:32,300]26 root-INFO -Model has been saved successfully
[2023-10-19 22:22:32,300]67 root-INFO -Exit from model train
[2023-10-19 22:22:32,301]37 root-INFO ----------Model is train Successfully and lets do predtiction---------
[2023-10-19 22:22:32,301]39 root-INFO -Model is end at 38.9102545
[2023-10-19 22:22:32,302]224 werkzeug-INFO -127.0.0.1 - - [19/Oct/2023 22:22:32] "GET /train HTTP/1.1" 200 -
[2023-10-19 22:23:03,302]105 root-INFO -Enter into the Prediction now Prediction is too bee start.... 
[2023-10-19 22:23:03,302]34 root-INFO -Enter into the load model method of utils
[2023-10-19 22:23:03,407]36 root-INFO -Exit from the load model method of utils
[2023-10-19 22:23:03,410]56 root-INFO -Enter into the load pickle method
[2023-10-19 22:23:03,411]59 root-INFO -Successfully load the model 
[2023-10-19 22:23:03,544]224 werkzeug-INFO -127.0.0.1 - - [19/Oct/2023 22:23:03] "POST /predict HTTP/1.1" 200 -
