[2023-10-19 22:20:00,806]224 werkzeug-WARNING - * Debugger is active!
[2023-10-19 22:20:00,812]224 werkzeug-INFO - * Debugger PIN: 172-645-412
[2023-10-19 22:20:05,603]224 werkzeug-INFO -127.0.0.1 - - [19/Oct/2023 22:20:05] "GET / HTTP/1.1" 200 -
[2023-10-19 22:20:12,355]28 root-INFO -Model is start at time 15.0932324
[2023-10-19 22:20:12,356]29 root-INFO -Data Ingestion is start from mongodb
[2023-10-19 22:20:12,356]64 root-INFO -Enter into the data ingestion method
[2023-10-19 22:20:12,356]50 root-INFO -Enter into the save dataset 
[2023-10-19 22:20:12,356]37 root-INFO -Enter into the dataset read
[2023-10-19 22:20:12,356]26 root-INFO -Enter into the collections
[2023-10-19 22:20:15,062]30 root-INFO -Collections name is Collection(Database(MongoClient(host=['ac-hcxtbjb-shard-00-00.r31hq0n.mongodb.net:27017', 'ac-hcxtbjb-shard-00-01.r31hq0n.mongodb.net:27017', 'ac-hcxtbjb-shard-00-02.r31hq0n.mongodb.net:27017'], document_class=dict, tz_aware=False, connect=True, retrywrites=True, w='majority', authsource='admin', replicaset='atlas-ukp69g-shard-0', ssl=True), 'Thyroid_Dataset'), 'Data') we are at exit point of collections
[2023-10-19 22:20:17,764]42 root-INFO -Exit from datasetread from MongoDB 
[2023-10-19 22:20:17,794]55 root-INFO -Successfuly save into the artifact folder into artifact\hypothyroid.csv
[2023-10-19 22:20:17,796]66 root-INFO -Exit from the data ingestion method of Data Ingestion 
[2023-10-19 22:20:17,796]31 root-INFO -Data is successfully saved into the artifact folder
[2023-10-19 22:20:17,796]32 root-INFO -Data Transformation is start 
[2023-10-19 22:20:17,797]124 root-INFO -Enter into the data transformation
[2023-10-19 22:20:17,797]107 root-INFO -Enter into the scale the data 
[2023-10-19 22:20:17,797]92 root-INFO -Enter into the train test split 
[2023-10-19 22:20:17,797]44 root-INFO -Cleaning process of data is start ...
[2023-10-19 22:20:17,797]33 root-INFO -Enter into read data of data transformation
[2023-10-19 22:20:17,836]35 root-INFO -Successfully read the data artifact\hypothyroid.csv
[2023-10-19 22:20:17,925]71 root-INFO -After some clean the data now start the fill the missing value
[2023-10-19 22:20:17,947]79 root-INFO -We get the clean data and save into artifact 
[2023-10-19 22:20:17,976]82 root-INFO -Save the clean the data
[2023-10-19 22:20:17,983]97 root-INFO -Exit from the train test split 
[2023-10-19 22:20:17,991]45 root-INFO -Enter into the save pickle file 
[2023-10-19 22:20:17,991]48 root-INFO -Save the object
[2023-10-19 22:20:17,991]113 root-INFO -Exit from the scale method and the save the scale into artifact
[2023-10-19 22:20:17,992]126 root-INFO -Successfully run the data transformation file
[2023-10-19 22:20:17,992]34 root-INFO -Data cleaning is successfully and saved into the artifact 
[2023-10-19 22:20:17,992]35 root-INFO -Model train is start
[2023-10-19 22:20:17,992]65 root-INFO -Enter into the model train
[2023-10-19 22:20:17,992]48 root-INFO -Enter into the fit of model
[2023-10-19 22:20:17,992]24 root-INFO -Model architecture is defined
[2023-10-19 22:20:19,030]34 root-INFO -Architecture has been successfully defined
[2023-10-19 22:20:19,047]24 root-INFO -Enter into the save model method
[2023-10-19 22:20:19,075]26 root-INFO -Model has been saved successfully
[2023-10-19 22:20:19,076]50 root-INFO -Safely load the model
[2023-10-19 22:20:19,076]34 root-INFO -Enter into the load model method of utils
[2023-10-19 22:20:19,152]36 root-INFO -Exit from the load model method of utils
